<?xml version="1.0" encoding="UTF-8"?>
<!-- Generated by org.testng.reporters.JUnitXMLReporter -->
<testsuite hostname="M7-DX-HV1PXJ2" name="Default test" tests="1" failures="1" timestamp="8 Aug 2019 06:08:48 GMT" time="20.529" errors="0">
  <testcase name="feature" time="19.925" classname="Cucumber.RunnerClass">
    <failure type="cucumber.runtime.CucumberException" message="java.lang.AssertionError: expected [Admin Home] but found [Home]">
      <![CDATA[cucumber.runtime.CucumberException: java.lang.AssertionError: expected [Admin Home] but found [Home]
	at cucumber.api.testng.TestNGCucumberRunner.runCucumber(TestNGCucumberRunner.java:69)
	at cucumber.api.testng.AbstractTestNGCucumberTests.feature(AbstractTestNGCucumberTests.java:21)
Caused by: java.lang.AssertionError: expected [Admin Home] but found [Home]
	at Cucumber.LoginFeatureStepdefinition.userLoggedInSuccessfully(LoginFeatureStepdefinition.java:54)
	at ✽.Then user logged in successfully(LoginFeature.feature:7)
... Removed 29 stack frames]]>
    </failure>
  </testcase> <!-- feature -->
</testsuite> <!-- Default test -->
