<?xml version="1.0" encoding="UTF-8"?>
<testng-results skipped="0" failed="0" total="1" passed="1">
  <reporter-output>
  </reporter-output>
  <suite name="Default suite" duration-ms="40237" started-at="2019-08-09T07:06:02Z" finished-at="2019-08-09T07:06:42Z">
    <groups>
      <group name="cucumber">
        <method signature="AbstractTestNGCucumberTests.feature(cucumber.api.testng.CucumberFeatureWrapper)[pri:0, instance:Cucumber.RunnerClass@1a968a59]" name="feature" class="cucumber.api.testng.AbstractTestNGCucumberTests"/>
      </group> <!-- cucumber -->
    </groups>
    <test name="Default test" duration-ms="40237" started-at="2019-08-09T07:06:02Z" finished-at="2019-08-09T07:06:42Z">
      <class name="Cucumber.RunnerClass">
        <test-method status="PASS" signature="setUpClass()[pri:0, instance:Cucumber.RunnerClass@1a968a59]" name="setUpClass" is-config="true" duration-ms="667" started-at="2019-08-09T12:36:02Z" finished-at="2019-08-09T12:36:02Z">
          <reporter-output>
          </reporter-output>
        </test-method> <!-- setUpClass -->
        <test-method status="PASS" signature="feature(cucumber.api.testng.CucumberFeatureWrapper)[pri:0, instance:Cucumber.RunnerClass@1a968a59]" name="feature" duration-ms="39408" started-at="2019-08-09T12:36:03Z" description="Runs Cucumber Feature" data-provider="features" finished-at="2019-08-09T12:36:42Z">
          <params>
            <param index="0">
              <value>
                <![CDATA[Login Functionality]]>
              </value>
            </param>
          </params>
          <reporter-output>
          </reporter-output>
        </test-method> <!-- feature -->
        <test-method status="PASS" signature="tearDownClass()[pri:0, instance:Cucumber.RunnerClass@1a968a59]" name="tearDownClass" is-config="true" duration-ms="13" started-at="2019-08-09T12:36:42Z" finished-at="2019-08-09T12:36:42Z">
          <reporter-output>
          </reporter-output>
        </test-method> <!-- tearDownClass -->
      </class> <!-- Cucumber.RunnerClass -->
    </test> <!-- Default test -->
  </suite> <!-- Default suite -->
</testng-results>
